<?xml version="1.0" encoding="UTF-8"?>
<!-- Generated by org.testng.reporters.JUnitXMLReporter -->
<testsuite ignored="0" hostname="poshs-HP-Laptop-15-bs0xx" failures="0" tests="1" name="Firefox Test" time="0.968" errors="0" timestamp="2022-10-17T17:25:32 IST">
  <testcase classname="TestClasses.VerifyUserCanLogin" name="@BeforeClass beforeclass" time="0.871">
    <failure type="org.openqa.selenium.SessionNotCreatedException" message="Could not start a new session. Possible causes are invalid address of the remote server or browser start-up failure.">
      <![CDATA[org.openqa.selenium.SessionNotCreatedException: Could not start a new session. Possible causes are invalid address of the remote server or browser start-up failure.
at org.openqa.selenium.remote.RemoteWebDriver.execute(RemoteWebDriver.java:565)
at org.openqa.selenium.remote.RemoteWebDriver.startSession(RemoteWebDriver.java:242)
at org.openqa.selenium.remote.RemoteWebDriver.<init>(RemoteWebDriver.java:157)
at org.openqa.selenium.firefox.FirefoxDriver.<init>(FirefoxDriver.java:110)
at org.openqa.selenium.firefox.FirefoxDriver.<init>(FirefoxDriver.java:98)
at org.openqa.selenium.firefox.FirefoxDriver.<init>(FirefoxDriver.java:94)
at BaseClasses.Base1.getDriver(Base1.java:20)
at TestClasses.VerifyUserCanLogin.beforeclass(VerifyUserCanLogin.java:24)
at java.base/java.util.ArrayList.forEach(ArrayList.java:1511)
Caused by: org.openqa.selenium.WebDriverException: Driver server process died prematurely.
Build info: version: '4.4.0', revision: 'e5c75ed026a'
System info: host: 'poshs-HP-Laptop-15-bs0xx', ip: '127.0.1.1', os.name: 'Linux', os.arch: 'amd64', os.version: '5.4.0-125-generic', java.version: '17.0.3'
Driver info: driver.version: FirefoxDriver
at org.openqa.selenium.remote.service.DriverService.start(DriverService.java:226)
at org.openqa.selenium.remote.service.DriverCommandExecutor.execute(DriverCommandExecutor.java:98)
at org.openqa.selenium.remote.RemoteWebDriver.execute(RemoteWebDriver.java:547)
... 33 more
... Removed 25 stack frames]]>
    </failure>
  </testcase> <!-- @BeforeClass beforeclass -->
  <testcase classname="TestClasses.VerifyUserCanLogin" name="@BeforeMethod beforemethod" time="-1.666007732062E9">
    <skipped/>
  </testcase> <!-- @BeforeMethod beforemethod -->
  <testcase classname="TestClasses.VerifyUserCanLogin" name="@AfterMethod aftermethod" time="-1.666007732089E9">
    <skipped/>
  </testcase> <!-- @AfterMethod aftermethod -->
  <testcase classname="TestClasses.VerifyUserCanLogin" name="@AfterClass afterclass" time="-1.666007732093E9">
    <skipped/>
  </testcase> <!-- @AfterClass afterclass -->
  <testcase classname="TestClasses.VerifyUserCanLogin" name="VerifyLogin" time="0.0">
    <skipped/>
  </testcase> <!-- VerifyLogin -->
</testsuite> <!-- Firefox Test -->
